<?xml version="1.0" encoding="UTF-8"?>
<!-- Generated by org.testng.reporters.JUnitReportReporter -->
<testsuite skipped="0" hostname="NAMA" name="com.crm.qa.testcases.HomePageTest" tests="1" failures="0" timestamp="22 Aug 2018 08:23:54 GMT" time="89.797" errors="0">
  <testcase name="verifyContactsLinkTest" time="89.797" classname="com.crm.qa.testcases.HomePageTest"/>
</testsuite> <!-- com.crm.qa.testcases.HomePageTest -->
