<?xml version="1.0" encoding="UTF-8"?>
<!-- Generated by org.testng.reporters.JUnitReportReporter -->
<testsuite skipped="0" hostname="NAMA" name="com.crm.qa.testcases.HomePageTest" tests="1" failures="0" timestamp="21 Oct 2018 05:24:01 GMT" time="19.516" errors="0">
  <testcase name="verifyContactsLinkTest" time="19.516" classname="com.crm.qa.testcases.HomePageTest"/>
</testsuite> <!-- com.crm.qa.testcases.HomePageTest -->
