<?xml version="1.0" encoding="UTF-8"?>
<!-- Generated by org.testng.reporters.JUnitReportReporter -->
<testsuite skipped="0" hostname="NAMA" name="com.crm.qa.testcases.LoginPageTest" tests="3" failures="0" timestamp="22 Aug 2018 04:23:21 GMT" time="87.164" errors="0">
  <testcase name="loginPageTitleTest" time="15.440" classname="com.crm.qa.testcases.LoginPageTest"/>
  <testcase name="loginPageLogoTest" time="14.587" classname="com.crm.qa.testcases.LoginPageTest"/>
  <testcase name="loginTest" time="57.137" classname="com.crm.qa.testcases.LoginPageTest"/>
</testsuite> <!-- com.crm.qa.testcases.LoginPageTest -->
